#-----------------------------------------------------------
# Vivado v2020.1 (64-bit)
# SW Build 2902540 on Wed May 27 19:54:35 MDT 2020
# IP Build 2902112 on Wed May 27 22:43:36 MDT 2020
# Start of session at: Mon Nov  9 12:13:40 2020
# Process ID: 6117
# Current directory: /home/martim/Documentos/1-Semestre-2020-2021/EComp/iob-soc-knn/hardware/fpga/BASYS3
# Command line: vivado -nojournal -log vivado.log -mode batch -source synth_system.tcl -tclargs  ../../../submodules/UART/submodules/INTERCON/hardware/include  ../../../submodules/UART/hardware/include  ../../../submodules/TIMER/hardware/include  ../../../submodules/KNN/submodules/LIB/hardware/include  ../../../submodules/KNN/submodules/INTERCON/hardware/include   ../../../submodules/KNN/hardware/include  ../../../submodules/KNN/submodules/LIB/hardware/include  ../../../submodules/KNN/submodules/INTERCON/hardware/include  . ../../../hardware/include DDR_ADDR_W=30 BOOTROM_ADDR_W=12 SRAM_ADDR_W=17 FIRM_ADDR_W=17 CACHE_ADDR_W=24 INIT_MEM N_SLAVES=3 E=31  P=31 B=30 BAUD=115200 FREQ=100000000 UART=0 TIMER=1 KNN=2  DATA_W=32 ../../../submodules/CPU/hardware/src/picorv32.v ../../../submodules/CPU/hardware/src/iob_picorv32.v ../../../submodules/CACHE/submodules/MEM/sp_rom/sp_rom.v ../../../submodules/CACHE/submodules/MEM/tdp_ram/iob_tdp_ram.v ../../../submodules/UART/submodules/INTERCON/hardware/src/merge.v ../../../submodules/UART/submodules/INTERCON/hardware/src/split.v ../../../submodules/UART/hardware/src/iob_uart.v ../../../submodules/TIMER/hardware/src/iob_timer.v ../../../submodules/TIMER/hardware/src/timer.v ../../../submodules/KNN/hardware/src/knn.v ../../../submodules/KNN/hardware/src/dist_core.v ../../../submodules/KNN/hardware/src/iob_knn.v ../../../hardware/src/boot_ctr.v ../../../hardware/src/int_mem.v  ../../../hardware/src/sram.v  system.v ./verilog/top_system.v
# Log file: /home/martim/Documentos/1-Semestre-2020-2021/EComp/iob-soc-knn/hardware/fpga/BASYS3/vivado.log
# Journal file: 
#-----------------------------------------------------------
source synth_system.tcl
# set TOP top_system
# set PART xc7a35tcpg236-1
# set INCLUDE [lindex $argv 0]
# set DEFINE [lindex $argv 1]
# set VSRC [lindex $argv 2]
# set USE_DDR [string last "USE_DDR" $DEFINE]
# foreach file [split $VSRC \ ] {
#     if {$file != ""} {
#         read_verilog -sv $file
#     }
# }
# set_property part $PART [current_project]
# if { $USE_DDR < 0 } {
#     read_verilog verilog/clock_wizard.v
# } else {
# 
#     read_xdc ./ddr.xdc
# 
# 
#     if { ![file isdirectory "./ip"]} {
#         file mkdir ./ip
#     }
# 
#     #async interconnect MIG<->Cache
#     if { [file isdirectory "./ip/axi_interconnect_0"] } {
#         read_ip ./ip/axi_interconnect_0/axi_interconnect_0.xci
#         report_property [get_files ./ip/axi_interconnect_0/axi_interconnect_0.xci]
#     } else {
# 
#         create_ip -name axi_interconnect -vendor xilinx.com -library ip -version 1.7 -module_name axi_interconnect_0 -dir ./ip -force
# 
#         set_property -dict \
#             [list \
#                  CONFIG.NUM_SLAVE_PORTS {1}\
#                  CONFIG.AXI_ADDR_WIDTH {30}\
#                  CONFIG.ACLK_PERIOD {5000} \
#                  CONFIG.INTERCONNECT_DATA_WIDTH {32}\
#                  CONFIG.M00_AXI_IS_ACLK_ASYNC {1}\
#                  CONFIG.M00_AXI_WRITE_FIFO_DEPTH {32}\
#                  CONFIG.M00_AXI_READ_FIFO_DEPTH {32}\
#                  CONFIG.S00_AXI_IS_ACLK_ASYNC {1}\
#                  CONFIG.S00_AXI_READ_FIFO_DEPTH {32}\
#                  CONFIG.S00_AXI_WRITE_FIFO_DEPTH {32}] [get_ips axi_interconnect_0]
# 
#         generate_target all [get_files ./ip/axi_interconnect_0/axi_interconnect_0.xci]
# 
#         report_property [get_ips axi_interconnect_0]
#         report_property [get_files ./ip/axi_interconnect_0/axi_interconnect_0.xci]
#         exec sed -i s/100/5/g ip/axi_interconnect_0/axi_interconnect_0_ooc.xdc
#         synth_ip [get_files ./ip/axi_interconnect_0/axi_interconnect_0.xci]
# 
#     }
# 
#     if { [file isdirectory "./ip/ddr4_0"] } {
# 	read_ip ./ip/ddr4_0/ddr4_0.xci
#         report_property [get_files ./ip/ddr4_0/ddr4_0.xci]
#     } else {
# 
#         create_ip -name ddr4 -vendor xilinx.com -library ip -version 2.2 -module_name ddr4_0 -dir ./ip -force
# 
#         set_property -dict \
#         [list \
#              CONFIG.C0.DDR4_TimePeriod {1250} \
#              CONFIG.C0.DDR4_InputClockPeriod {4000} \
#              CONFIG.C0.DDR4_CLKOUT0_DIVIDE {5} \
#              CONFIG.C0.DDR4_MemoryPart {EDY4016AABG-DR-F} \
#              CONFIG.C0.DDR4_DataWidth {32} \
#              CONFIG.C0.DDR4_AxiSelection {true} \
#              CONFIG.C0.DDR4_CasLatency {11} \
#              CONFIG.C0.DDR4_CasWriteLatency {11} \
#              CONFIG.C0.DDR4_AxiDataWidth {32} \
#              CONFIG.C0.DDR4_AxiAddressWidth {30} \
#              CONFIG.ADDN_UI_CLKOUT1_FREQ_HZ {100} \
#              CONFIG.C0.BANK_GROUP_WIDTH {1}] [get_ips ddr4_0]
# 
#         generate_target all [get_files ./ip/ddr4_0/ddr4_0.xci]
# 
#         report_property [get_ips ddr4_0]
#         report_property [get_files ./ip/ddr4_0/ddr4_0.xci]
# 
#         synth_ip [get_files ./ip/ddr4_0/ddr4_0.xci]
#     }
# 
# }
# read_xdc ./synth_system.xdc
# synth_design -include_dirs $INCLUDE -verilog_define $DEFINE -part $PART -top $TOP
Command: synth_design -include_dirs {../../../submodules/UART/submodules/INTERCON/hardware/include  ../../../submodules/UART/hardware/include  ../../../submodules/TIMER/hardware/include  ../../../submodules/KNN/submodules/LIB/hardware/include  ../../../submodules/KNN/submodules/INTERCON/hardware/include   ../../../submodules/KNN/hardware/include  ../../../submodules/KNN/submodules/LIB/hardware/include  ../../../submodules/KNN/submodules/INTERCON/hardware/include  . ../../../hardware/include} -verilog_define {DDR_ADDR_W=30 BOOTROM_ADDR_W=12 SRAM_ADDR_W=17 FIRM_ADDR_W=17 CACHE_ADDR_W=24 INIT_MEM N_SLAVES=3 E=31  P=31 B=30 BAUD=115200 FREQ=100000000 UART=0 TIMER=1 KNN=2  DATA_W=32} -part xc7a35tcpg236-1 -top top_system
Starting synth_design
Attempting to get a license for feature 'Synthesis' and/or device 'xc7a35t'
INFO: [Common 17-349] Got license for feature 'Synthesis' and/or device 'xc7a35t'
INFO: [Device 21-403] Loading part xc7a35tcpg236-1
INFO: [Synth 8-7079] Multithreading enabled for synth_design using a maximum of 4 processes.
INFO: [Synth 8-7078] Launching helper process for spawning children vivado processes
INFO: [Synth 8-7075] Helper process launched with PID 6134
WARNING: [Synth 8-6901] identifier 'Curr_state' is used before its declaration [/home/martim/Documentos/1-Semestre-2020-2021/EComp/iob-soc-knn/submodules/KNN/hardware/src/knn.v:32]
---------------------------------------------------------------------------------
Starting RTL Elaboration : Time (s): cpu = 00:00:04 ; elapsed = 00:00:05 . Memory (MB): peak = 2103.578 ; gain = 0.000 ; free physical = 2375 ; free virtual = 6886
---------------------------------------------------------------------------------
INFO: [Synth 8-6157] synthesizing module 'top_system' [/home/martim/Documentos/1-Semestre-2020-2021/EComp/iob-soc-knn/hardware/fpga/BASYS3/verilog/top_system.v:4]
INFO: [Synth 8-6157] synthesizing module 'system' [/home/martim/Documentos/1-Semestre-2020-2021/EComp/iob-soc-knn/hardware/fpga/BASYS3/system.v:13]
	Parameter ADDR_W bound to: 32 - type: integer 
	Parameter DATA_W bound to: 32 - type: integer 
INFO: [Synth 8-6157] synthesizing module 'iob_picorv32' [/home/martim/Documentos/1-Semestre-2020-2021/EComp/iob-soc-knn/submodules/CPU/hardware/src/iob_picorv32.v:28]
	Parameter ADDR_W bound to: 32 - type: integer 
	Parameter DATA_W bound to: 32 - type: integer 
INFO: [Synth 8-6157] synthesizing module 'picorv32' [/home/martim/Documentos/1-Semestre-2020-2021/EComp/iob-soc-knn/submodules/CPU/hardware/src/picorv32.v:57]
	Parameter ENABLE_COUNTERS bound to: 1'b1 
	Parameter ENABLE_COUNTERS64 bound to: 1'b1 
	Parameter ENABLE_REGS_16_31 bound to: 1'b1 
	Parameter ENABLE_REGS_DUALPORT bound to: 1'b1 
	Parameter LATCHED_MEM_RDATA bound to: 1'b0 
	Parameter TWO_STAGE_SHIFT bound to: 1'b1 
	Parameter BARREL_SHIFTER bound to: 1'b1 
	Parameter TWO_CYCLE_COMPARE bound to: 1'b0 
	Parameter TWO_CYCLE_ALU bound to: 1'b0 
	Parameter COMPRESSED_ISA bound to: 1'b0 
	Parameter CATCH_MISALIGN bound to: 1'b1 
	Parameter CATCH_ILLINSN bound to: 1'b1 
	Parameter ENABLE_PCPI bound to: 1'b0 
	Parameter ENABLE_MUL bound to: 1'b0 
	Parameter ENABLE_FAST_MUL bound to: 1'b1 
	Parameter ENABLE_DIV bound to: 1'b1 
	Parameter ENABLE_IRQ bound to: 1'b0 
	Parameter ENABLE_IRQ_QREGS bound to: 1'b1 
	Parameter ENABLE_IRQ_TIMER bound to: 1'b1 
	Parameter ENABLE_TRACE bound to: 1'b0 
	Parameter REGS_INIT_ZERO bound to: 1'b0 
	Parameter MASKED_IRQ bound to: 0 - type: integer 
	Parameter LATCHED_IRQ bound to: -1 - type: integer 
	Parameter PROGADDR_RESET bound to: 0 - type: integer 
	Parameter PROGADDR_IRQ bound to: 16 - type: integer 
	Parameter STACKADDR bound to: -1 - type: integer 
	Parameter irq_timer bound to: 0 - type: integer 
	Parameter irq_ebreak bound to: 1 - type: integer 
	Parameter irq_buserror bound to: 2 - type: integer 
	Parameter irqregs_offset bound to: 32 - type: integer 
	Parameter regfile_size bound to: 32 - type: integer 
	Parameter regindex_bits bound to: 5 - type: integer 
	Parameter WITH_PCPI bound to: 1'b1 
	Parameter TRACE_BRANCH bound to: 36'b000100000000000000000000000000000000 
	Parameter TRACE_ADDR bound to: 36'b001000000000000000000000000000000000 
	Parameter TRACE_IRQ bound to: 36'b100000000000000000000000000000000000 
	Parameter cpu_state_trap bound to: 8'b10000000 
	Parameter cpu_state_fetch bound to: 8'b01000000 
	Parameter cpu_state_ld_rs1 bound to: 8'b00100000 
	Parameter cpu_state_ld_rs2 bound to: 8'b00010000 
	Parameter cpu_state_exec bound to: 8'b00001000 
	Parameter cpu_state_shift bound to: 8'b00000100 
	Parameter cpu_state_stmem bound to: 8'b00000010 
	Parameter cpu_state_ldmem bound to: 8'b00000001 
INFO: [Synth 8-6157] synthesizing module 'picorv32_pcpi_fast_mul' [/home/martim/Documentos/1-Semestre-2020-2021/EComp/iob-soc-knn/submodules/CPU/hardware/src/picorv32.v:2271]
	Parameter EXTRA_MUL_FFS bound to: 0 - type: integer 
	Parameter EXTRA_INSN_FFS bound to: 0 - type: integer 
	Parameter MUL_CLKGATE bound to: 0 - type: integer 
INFO: [Synth 8-155] case statement is not full and has no default [/home/martim/Documentos/1-Semestre-2020-2021/EComp/iob-soc-knn/submodules/CPU/hardware/src/picorv32.v:2308]
INFO: [Synth 8-6155] done synthesizing module 'picorv32_pcpi_fast_mul' (1#1) [/home/martim/Documentos/1-Semestre-2020-2021/EComp/iob-soc-knn/submodules/CPU/hardware/src/picorv32.v:2271]
INFO: [Synth 8-6157] synthesizing module 'picorv32_pcpi_div' [/home/martim/Documentos/1-Semestre-2020-2021/EComp/iob-soc-knn/submodules/CPU/hardware/src/picorv32.v:2373]
INFO: [Synth 8-155] case statement is not full and has no default [/home/martim/Documentos/1-Semestre-2020-2021/EComp/iob-soc-knn/submodules/CPU/hardware/src/picorv32.v:2398]
INFO: [Synth 8-6155] done synthesizing module 'picorv32_pcpi_div' (2#1) [/home/martim/Documentos/1-Semestre-2020-2021/EComp/iob-soc-knn/submodules/CPU/hardware/src/picorv32.v:2373]
INFO: [Synth 8-155] case statement is not full and has no default [/home/martim/Documentos/1-Semestre-2020-2021/EComp/iob-soc-knn/submodules/CPU/hardware/src/picorv32.v:386]
INFO: [Synth 8-155] case statement is not full and has no default [/home/martim/Documentos/1-Semestre-2020-2021/EComp/iob-soc-knn/submodules/CPU/hardware/src/picorv32.v:1496]
INFO: [Synth 8-6155] done synthesizing module 'picorv32' (3#1) [/home/martim/Documentos/1-Semestre-2020-2021/EComp/iob-soc-knn/submodules/CPU/hardware/src/picorv32.v:57]
WARNING: [Synth 8-7071] port 'mem_la_read' of module 'picorv32' is unconnected for instance 'picorv32_core' [/home/martim/Documentos/1-Semestre-2020-2021/EComp/iob-soc-knn/submodules/CPU/hardware/src/iob_picorv32.v:87]
WARNING: [Synth 8-7071] port 'mem_la_write' of module 'picorv32' is unconnected for instance 'picorv32_core' [/home/martim/Documentos/1-Semestre-2020-2021/EComp/iob-soc-knn/submodules/CPU/hardware/src/iob_picorv32.v:87]
WARNING: [Synth 8-7071] port 'mem_la_addr' of module 'picorv32' is unconnected for instance 'picorv32_core' [/home/martim/Documentos/1-Semestre-2020-2021/EComp/iob-soc-knn/submodules/CPU/hardware/src/iob_picorv32.v:87]
WARNING: [Synth 8-7071] port 'mem_la_wdata' of module 'picorv32' is unconnected for instance 'picorv32_core' [/home/martim/Documentos/1-Semestre-2020-2021/EComp/iob-soc-knn/submodules/CPU/hardware/src/iob_picorv32.v:87]
WARNING: [Synth 8-7071] port 'mem_la_wstrb' of module 'picorv32' is unconnected for instance 'picorv32_core' [/home/martim/Documentos/1-Semestre-2020-2021/EComp/iob-soc-knn/submodules/CPU/hardware/src/iob_picorv32.v:87]
WARNING: [Synth 8-7023] instance 'picorv32_core' of module 'picorv32' has 27 connections declared, but only 22 given [/home/martim/Documentos/1-Semestre-2020-2021/EComp/iob-soc-knn/submodules/CPU/hardware/src/iob_picorv32.v:87]
INFO: [Synth 8-6155] done synthesizing module 'iob_picorv32' (4#1) [/home/martim/Documentos/1-Semestre-2020-2021/EComp/iob-soc-knn/submodules/CPU/hardware/src/iob_picorv32.v:28]
INFO: [Synth 8-6157] synthesizing module 'split' [/home/martim/Documentos/1-Semestre-2020-2021/EComp/iob-soc-knn/submodules/UART/submodules/INTERCON/hardware/src/split.v:4]
	Parameter DATA_W bound to: 32 - type: integer 
	Parameter ADDR_W bound to: 32 - type: integer 
	Parameter N_SLAVES bound to: 1 - type: integer 
	Parameter P_SLAVES bound to: 67 - type: integer 
	Parameter Nb bound to: 1 - type: integer 
INFO: [Synth 8-6155] done synthesizing module 'split' (5#1) [/home/martim/Documentos/1-Semestre-2020-2021/EComp/iob-soc-knn/submodules/UART/submodules/INTERCON/hardware/src/split.v:4]
INFO: [Synth 8-6157] synthesizing module 'split__parameterized0' [/home/martim/Documentos/1-Semestre-2020-2021/EComp/iob-soc-knn/submodules/UART/submodules/INTERCON/hardware/src/split.v:4]
	Parameter DATA_W bound to: 32 - type: integer 
	Parameter ADDR_W bound to: 32 - type: integer 
	Parameter N_SLAVES bound to: 2 - type: integer 
	Parameter P_SLAVES bound to: 67 - type: integer 
	Parameter Nb bound to: 1 - type: integer 
INFO: [Synth 8-6155] done synthesizing module 'split__parameterized0' (5#1) [/home/martim/Documentos/1-Semestre-2020-2021/EComp/iob-soc-knn/submodules/UART/submodules/INTERCON/hardware/src/split.v:4]
INFO: [Synth 8-6157] synthesizing module 'split__parameterized1' [/home/martim/Documentos/1-Semestre-2020-2021/EComp/iob-soc-knn/submodules/UART/submodules/INTERCON/hardware/src/split.v:4]
	Parameter DATA_W bound to: 32 - type: integer 
	Parameter ADDR_W bound to: 32 - type: integer 
	Parameter N_SLAVES bound to: 3 - type: integer 
	Parameter P_SLAVES bound to: 66 - type: integer 
	Parameter Nb bound to: 2 - type: integer 
INFO: [Synth 8-6155] done synthesizing module 'split__parameterized1' (5#1) [/home/martim/Documentos/1-Semestre-2020-2021/EComp/iob-soc-knn/submodules/UART/submodules/INTERCON/hardware/src/split.v:4]
INFO: [Synth 8-6157] synthesizing module 'int_mem' [/home/martim/Documentos/1-Semestre-2020-2021/EComp/iob-soc-knn/hardware/src/int_mem.v:5]
	Parameter ADDR_W bound to: 32 - type: integer 
	Parameter DATA_W bound to: 32 - type: integer 
INFO: [Synth 8-6157] synthesizing module 'split__parameterized2' [/home/martim/Documentos/1-Semestre-2020-2021/EComp/iob-soc-knn/submodules/UART/submodules/INTERCON/hardware/src/split.v:4]
	Parameter DATA_W bound to: 32 - type: integer 
	Parameter ADDR_W bound to: 32 - type: integer 
	Parameter N_SLAVES bound to: 2 - type: integer 
	Parameter P_SLAVES bound to: 66 - type: integer 
	Parameter Nb bound to: 1 - type: integer 
INFO: [Synth 8-6155] done synthesizing module 'split__parameterized2' (5#1) [/home/martim/Documentos/1-Semestre-2020-2021/EComp/iob-soc-knn/submodules/UART/submodules/INTERCON/hardware/src/split.v:4]
INFO: [Synth 8-6157] synthesizing module 'boot_ctr' [/home/martim/Documentos/1-Semestre-2020-2021/EComp/iob-soc-knn/hardware/src/boot_ctr.v:5]
INFO: [Synth 8-6157] synthesizing module 'sp_rom' [/home/martim/Documentos/1-Semestre-2020-2021/EComp/iob-soc-knn/submodules/CACHE/submodules/MEM/sp_rom/sp_rom.v:3]
	Parameter DATA_W bound to: 32 - type: integer 
	Parameter ADDR_W bound to: 10 - type: integer 
	Parameter FILE bound to: boot.hex - type: string 
	Parameter mem_init_file_int bound to: boot.hex - type: string 
INFO: [Synth 8-3876] $readmem data file 'boot.hex' is read successfully [/home/martim/Documentos/1-Semestre-2020-2021/EComp/iob-soc-knn/submodules/CACHE/submodules/MEM/sp_rom/sp_rom.v:23]
INFO: [Synth 8-6155] done synthesizing module 'sp_rom' (6#1) [/home/martim/Documentos/1-Semestre-2020-2021/EComp/iob-soc-knn/submodules/CACHE/submodules/MEM/sp_rom/sp_rom.v:3]
INFO: [Synth 8-6155] done synthesizing module 'boot_ctr' (7#1) [/home/martim/Documentos/1-Semestre-2020-2021/EComp/iob-soc-knn/hardware/src/boot_ctr.v:5]
INFO: [Synth 8-6157] synthesizing module 'merge' [/home/martim/Documentos/1-Semestre-2020-2021/EComp/iob-soc-knn/submodules/UART/submodules/INTERCON/hardware/src/merge.v:5]
	Parameter N_MASTERS bound to: 2 - type: integer 
	Parameter DATA_W bound to: 32 - type: integer 
	Parameter ADDR_W bound to: 32 - type: integer 
	Parameter Nb bound to: 1 - type: integer 
INFO: [Synth 8-6155] done synthesizing module 'merge' (8#1) [/home/martim/Documentos/1-Semestre-2020-2021/EComp/iob-soc-knn/submodules/UART/submodules/INTERCON/hardware/src/merge.v:5]
INFO: [Synth 8-6157] synthesizing module 'sram' [/home/martim/Documentos/1-Semestre-2020-2021/EComp/iob-soc-knn/hardware/src/sram.v:4]
	Parameter FILE bound to: firmware - type: string 
	Parameter file_suffix bound to: 858927408 - type: integer 
INFO: [Synth 8-6157] synthesizing module 'iob_tdp_ram' [/home/martim/Documentos/1-Semestre-2020-2021/EComp/iob-soc-knn/submodules/CACHE/submodules/MEM/tdp_ram/iob_tdp_ram.v:3]
	Parameter MEM_INIT_FILE bound to: 112'b0110011001101001011100100110110101110111011000010111001001100101010111110011000000101110011010000110010101111000 
	Parameter DATA_W bound to: 8 - type: integer 
	Parameter ADDR_W bound to: 15 - type: integer 
	Parameter mem_init_file_int bound to: 112'b0110011001101001011100100110110101110111011000010111001001100101010111110011000000101110011010000110010101111000 
INFO: [Synth 8-3876] $readmem data file 'firmware_0.hex' is read successfully [/home/martim/Documentos/1-Semestre-2020-2021/EComp/iob-soc-knn/submodules/CACHE/submodules/MEM/tdp_ram/iob_tdp_ram.v:35]
INFO: [Synth 8-6155] done synthesizing module 'iob_tdp_ram' (9#1) [/home/martim/Documentos/1-Semestre-2020-2021/EComp/iob-soc-knn/submodules/CACHE/submodules/MEM/tdp_ram/iob_tdp_ram.v:3]
INFO: [Synth 8-6157] synthesizing module 'iob_tdp_ram__parameterized0' [/home/martim/Documentos/1-Semestre-2020-2021/EComp/iob-soc-knn/submodules/CACHE/submodules/MEM/tdp_ram/iob_tdp_ram.v:3]
	Parameter MEM_INIT_FILE bound to: 112'b0110011001101001011100100110110101110111011000010111001001100101010111110011000100101110011010000110010101111000 
	Parameter DATA_W bound to: 8 - type: integer 
	Parameter ADDR_W bound to: 15 - type: integer 
	Parameter mem_init_file_int bound to: 112'b0110011001101001011100100110110101110111011000010111001001100101010111110011000100101110011010000110010101111000 
INFO: [Synth 8-3876] $readmem data file 'firmware_1.hex' is read successfully [/home/martim/Documentos/1-Semestre-2020-2021/EComp/iob-soc-knn/submodules/CACHE/submodules/MEM/tdp_ram/iob_tdp_ram.v:35]
INFO: [Synth 8-6155] done synthesizing module 'iob_tdp_ram__parameterized0' (9#1) [/home/martim/Documentos/1-Semestre-2020-2021/EComp/iob-soc-knn/submodules/CACHE/submodules/MEM/tdp_ram/iob_tdp_ram.v:3]
INFO: [Synth 8-6157] synthesizing module 'iob_tdp_ram__parameterized1' [/home/martim/Documentos/1-Semestre-2020-2021/EComp/iob-soc-knn/submodules/CACHE/submodules/MEM/tdp_ram/iob_tdp_ram.v:3]
	Parameter MEM_INIT_FILE bound to: 112'b0110011001101001011100100110110101110111011000010111001001100101010111110011001000101110011010000110010101111000 
	Parameter DATA_W bound to: 8 - type: integer 
	Parameter ADDR_W bound to: 15 - type: integer 
	Parameter mem_init_file_int bound to: 112'b0110011001101001011100100110110101110111011000010111001001100101010111110011001000101110011010000110010101111000 
INFO: [Synth 8-3876] $readmem data file 'firmware_2.hex' is read successfully [/home/martim/Documentos/1-Semestre-2020-2021/EComp/iob-soc-knn/submodules/CACHE/submodules/MEM/tdp_ram/iob_tdp_ram.v:35]
INFO: [Synth 8-6155] done synthesizing module 'iob_tdp_ram__parameterized1' (9#1) [/home/martim/Documentos/1-Semestre-2020-2021/EComp/iob-soc-knn/submodules/CACHE/submodules/MEM/tdp_ram/iob_tdp_ram.v:3]
INFO: [Synth 8-6157] synthesizing module 'iob_tdp_ram__parameterized2' [/home/martim/Documentos/1-Semestre-2020-2021/EComp/iob-soc-knn/submodules/CACHE/submodules/MEM/tdp_ram/iob_tdp_ram.v:3]
	Parameter MEM_INIT_FILE bound to: 112'b0110011001101001011100100110110101110111011000010111001001100101010111110011001100101110011010000110010101111000 
	Parameter DATA_W bound to: 8 - type: integer 
	Parameter ADDR_W bound to: 15 - type: integer 
	Parameter mem_init_file_int bound to: 112'b0110011001101001011100100110110101110111011000010111001001100101010111110011001100101110011010000110010101111000 
INFO: [Synth 8-3876] $readmem data file 'firmware_3.hex' is read successfully [/home/martim/Documentos/1-Semestre-2020-2021/EComp/iob-soc-knn/submodules/CACHE/submodules/MEM/tdp_ram/iob_tdp_ram.v:35]
INFO: [Synth 8-6155] done synthesizing module 'iob_tdp_ram__parameterized2' (9#1) [/home/martim/Documentos/1-Semestre-2020-2021/EComp/iob-soc-knn/submodules/CACHE/submodules/MEM/tdp_ram/iob_tdp_ram.v:3]
INFO: [Synth 8-6155] done synthesizing module 'sram' (10#1) [/home/martim/Documentos/1-Semestre-2020-2021/EComp/iob-soc-knn/hardware/src/sram.v:4]
INFO: [Synth 8-6155] done synthesizing module 'int_mem' (11#1) [/home/martim/Documentos/1-Semestre-2020-2021/EComp/iob-soc-knn/hardware/src/int_mem.v:5]
INFO: [Synth 8-6157] synthesizing module 'iob_uart' [/home/martim/Documentos/1-Semestre-2020-2021/EComp/iob-soc-knn/submodules/UART/hardware/src/iob_uart.v:4]
	Parameter DATA_W bound to: 32 - type: integer 
INFO: [Synth 8-6155] done synthesizing module 'iob_uart' (12#1) [/home/martim/Documentos/1-Semestre-2020-2021/EComp/iob-soc-knn/submodules/UART/hardware/src/iob_uart.v:4]
INFO: [Synth 8-6157] synthesizing module 'iob_timer' [/home/martim/Documentos/1-Semestre-2020-2021/EComp/iob-soc-knn/submodules/TIMER/hardware/src/iob_timer.v:6]
	Parameter ADDR_W bound to: 3 - type: integer 
	Parameter DATA_W bound to: 32 - type: integer 
	Parameter WDATA_W bound to: 1 - type: integer 
INFO: [Synth 8-6157] synthesizing module 'timer_core' [/home/martim/Documentos/1-Semestre-2020-2021/EComp/iob-soc-knn/submodules/TIMER/hardware/src/timer.v:5]
	Parameter DATA_W bound to: 32 - type: integer 
INFO: [Synth 8-6155] done synthesizing module 'timer_core' (13#1) [/home/martim/Documentos/1-Semestre-2020-2021/EComp/iob-soc-knn/submodules/TIMER/hardware/src/timer.v:5]
INFO: [Synth 8-6155] done synthesizing module 'iob_timer' (14#1) [/home/martim/Documentos/1-Semestre-2020-2021/EComp/iob-soc-knn/submodules/TIMER/hardware/src/iob_timer.v:6]
INFO: [Synth 8-6157] synthesizing module 'iob_knn' [/home/martim/Documentos/1-Semestre-2020-2021/EComp/iob-soc-knn/submodules/KNN/hardware/src/iob_knn.v:6]
	Parameter ADDR_W bound to: 3 - type: integer 
	Parameter DATA_W bound to: 32 - type: integer 
	Parameter WDATA_W bound to: 1 - type: integer 
INFO: [Synth 8-6157] synthesizing module 'knn_core' [/home/martim/Documentos/1-Semestre-2020-2021/EComp/iob-soc-knn/submodules/KNN/hardware/src/knn.v:4]
	Parameter DATA_W bound to: 16 - type: integer 
ERROR: [Synth 8-434] mixed level sensitive and edge triggered event controls are not supported for synthesis [/home/martim/Documentos/1-Semestre-2020-2021/EComp/iob-soc-knn/submodules/KNN/hardware/src/knn.v:38]
ERROR: [Synth 8-6156] failed synthesizing module 'knn_core' [/home/martim/Documentos/1-Semestre-2020-2021/EComp/iob-soc-knn/submodules/KNN/hardware/src/knn.v:4]
ERROR: [Synth 8-6156] failed synthesizing module 'iob_knn' [/home/martim/Documentos/1-Semestre-2020-2021/EComp/iob-soc-knn/submodules/KNN/hardware/src/iob_knn.v:6]
ERROR: [Synth 8-6156] failed synthesizing module 'system' [/home/martim/Documentos/1-Semestre-2020-2021/EComp/iob-soc-knn/hardware/fpga/BASYS3/system.v:13]
ERROR: [Synth 8-6156] failed synthesizing module 'top_system' [/home/martim/Documentos/1-Semestre-2020-2021/EComp/iob-soc-knn/hardware/fpga/BASYS3/verilog/top_system.v:4]
---------------------------------------------------------------------------------
Finished RTL Elaboration : Time (s): cpu = 00:00:06 ; elapsed = 00:00:08 . Memory (MB): peak = 2210.465 ; gain = 106.887 ; free physical = 2450 ; free virtual = 6966
---------------------------------------------------------------------------------
RTL Elaboration failed
INFO: [Common 17-83] Releasing license: Synthesis
59 Infos, 7 Warnings, 0 Critical Warnings and 6 Errors encountered.
synth_design failed
ERROR: [Common 17-69] Command failed: Synthesis failed - please see the console or run log file for details
INFO: [Common 17-206] Exiting Vivado at Mon Nov  9 12:14:05 2020...
